Start testing: Oct 08 15:37 CEST
----------------------------------------------------------
1/1 Testing: test_01_size_14
1/1 Test: test_01_size_14
Command: "/mnt/c/Users/nithrilh/Documents/info0504/TPs/TP4/exemple_08/tests/test_01"
Directory: /mnt/c/Users/nithrilh/Documents/info0504/TPs/TP4/exemple_08/tests
"test_01_size_14" start time: Oct 08 15:37 CEST
Output:
----------------------------------------------------------
<end of output>
Test time =   0.23 sec
----------------------------------------------------------
Test Passed.
"test_01_size_14" end time: Oct 08 15:37 CEST
"test_01_size_14" time elapsed: 00:00:00
----------------------------------------------------------

End testing: Oct 08 15:37 CEST
