<?xml version="1.0" encoding="UTF-8"?>
<Site BuildName="Linux-c++"
	BuildStamp="20211008-1337-Experimental"
	Name="DESKTOP-9N5FA9I"
	Generator="ctest-3.16.3"
	CompilerName="/usr/bin/c++"
	CompilerVersion="9.3.0"
	OSName="Linux"
	Hostname="DESKTOP-9N5FA9I"
	OSRelease="4.4.0-19041-Microsoft"
	OSVersion="#1237-Microsoft Sat Sep 11 14:32:00 PST 2021"
	OSPlatform="x86_64"
	Is64Bits="1"
	VendorString="GenuineIntel"
	VendorID="Intel Corporation"
	FamilyID="6"
	ModelID="61"
	ProcessorCacheSize="256"
	NumberOfLogicalCPU="4"
	NumberOfPhysicalCPU="2"
	TotalVirtualMemory="49152"
	TotalPhysicalMemory="16256"
	LogicalProcessorsPerPhysical="2"
	ProcessorClockFrequency="2594"
	>
	<Build>
		<StartDateTime>Oct 08 15:37 CEST</StartDateTime>
		<StartBuildTime>1633700228</StartBuildTime>
		<BuildCommand>/usr/bin/cmake --build . --config "Release" -- -i</BuildCommand>
		<Log Encoding="base64" Compression="bin/gzip"/>
		<EndDateTime>Oct 08 15:37 CEST</EndDateTime>
		<EndBuildTime>1633700230</EndBuildTime>
		<ElapsedMinutes>0</ElapsedMinutes>
	</Build>
</Site>
