<?xml version="1.0" encoding="UTF-8"?>
<Site BuildName="Linux-c++"
	BuildStamp="20211008-1356-Experimental"
	Name="DESKTOP-9N5FA9I"
	Generator="ctest-3.16.3"
	CompilerName="/usr/bin/c++"
	CompilerVersion="9.3.0"
	OSName="Linux"
	Hostname="Dell-E5550"
	OSRelease="4.4.0-19041-Microsoft"
	OSVersion="#1237-Microsoft Sat Sep 11 14:32:00 PST 2021"
	OSPlatform="x86_64"
	Is64Bits="1"
	VendorString="GenuineIntel"
	VendorID="Intel Corporation"
	FamilyID="6"
	ModelID="61"
	ProcessorCacheSize="256"
	NumberOfLogicalCPU="4"
	NumberOfPhysicalCPU="2"
	TotalVirtualMemory="49152"
	TotalPhysicalMemory="16256"
	LogicalProcessorsPerPhysical="2"
	ProcessorClockFrequency="2594"
	>
	<Configure>
		<StartDateTime>Oct 08 15:56 CEST</StartDateTime>
		<StartConfigureTime>1633701378</StartConfigureTime>
		<ConfigureCommand>"/usr/bin/cmake" "/mnt/c/Users/nithrilh/Documents/info0504/TPs/TP4/exemple_08"</ConfigureCommand>
		<Log>====&gt; No &lt;swiper&gt; found
-- Configuring done
-- Generating done
-- Build files have been written to: /mnt/c/Users/nithrilh/Documents/info0504/TPs/TP4/exemple_08
</Log>
		<ConfigureStatus>0</ConfigureStatus>
		<EndDateTime>Oct 08 15:56 CEST</EndDateTime>
		<EndConfigureTime>1633701379</EndConfigureTime>
		<ElapsedMinutes>0</ElapsedMinutes>
	</Configure>
</Site>
